0 info it worked if it ends with ok
1 verbose cli [ '/usr/bin/node', '/usr/bin/npm', 'run', 'dev' ]
2 info using npm@3.4.0
3 info using node@v4.2.1
4 verbose run-script [ 'predev', 'dev', 'postdev' ]
5 info lifecycle sim-CE@1.0.0~predev: sim-CE@1.0.0
6 silly lifecycle sim-CE@1.0.0~predev: no script for predev, continuing
7 info lifecycle sim-CE@1.0.0~dev: sim-CE@1.0.0
8 verbose lifecycle sim-CE@1.0.0~dev: unsafe-perm in lifecycle true
9 verbose lifecycle sim-CE@1.0.0~dev: PATH: /usr/lib/node_modules/npm/bin/node-gyp-bin:/home/simbi/react-realtime-firebaseApp/node_modules/.bin:/home/simbi/bin:/usr/local/bin:/usr/bin:/bin:/usr/bin/X11:/usr/games:/home/simbi/PRACA_PROGAMY/WebStorm-143.381.46/bin:/home/simbi/Praca/Projects/vektor_home/bin
10 verbose lifecycle sim-CE@1.0.0~dev: CWD: /home/simbi/react-realtime-firebaseApp
11 silly lifecycle sim-CE@1.0.0~dev: Args: [ '-c', 'node server.js -dev' ]
12 silly lifecycle sim-CE@1.0.0~dev: Returned: code: 1  signal: null
13 info lifecycle sim-CE@1.0.0~dev: Failed to exec dev script
14 verbose stack Error: sim-CE@1.0.0 dev: `node server.js -dev`
14 verbose stack Exit status 1
14 verbose stack     at EventEmitter.<anonymous> (/usr/lib/node_modules/npm/lib/utils/lifecycle.js:232:16)
14 verbose stack     at emitTwo (events.js:87:13)
14 verbose stack     at EventEmitter.emit (events.js:172:7)
14 verbose stack     at ChildProcess.<anonymous> (/usr/lib/node_modules/npm/lib/utils/spawn.js:24:14)
14 verbose stack     at emitTwo (events.js:87:13)
14 verbose stack     at ChildProcess.emit (events.js:172:7)
14 verbose stack     at maybeClose (internal/child_process.js:818:16)
14 verbose stack     at Process.ChildProcess._handle.onexit (internal/child_process.js:211:5)
15 verbose pkgid sim-CE@1.0.0
16 verbose cwd /home/simbi/react-realtime-firebaseApp
17 error Linux 4.1.12-1-default
18 error argv "/usr/bin/node" "/usr/bin/npm" "run" "dev"
19 error node v4.2.1
20 error npm  v3.4.0
21 error code ELIFECYCLE
22 error sim-CE@1.0.0 dev: `node server.js -dev`
22 error Exit status 1
23 error Failed at the sim-CE@1.0.0 dev script 'node server.js -dev'.
23 error Make sure you have the latest version of node.js and npm installed.
23 error If you do, this is most likely a problem with the sim-CE package,
23 error not with npm itself.
23 error Tell the author that this fails on your system:
23 error     node server.js -dev
23 error You can get their info via:
23 error     npm owner ls sim-CE
23 error There is likely additional logging output above.
24 verbose exit [ 1, true ]
